2024-09-10 17:53:35 [main] ERROR ca.jrvs.apps.jdbc.Main - Error connecting to the database
org.postgresql.util.PSQLException: Connection to localhost:5432 refused. Check that the hostname and port are correct and that the postmaster is accepting TCP/IP connections.
	at org.postgresql.core.v3.ConnectionFactoryImpl.openConnectionImpl(ConnectionFactoryImpl.java:280)
	at org.postgresql.core.ConnectionFactory.openConnection(ConnectionFactory.java:49)
	at org.postgresql.jdbc.PgConnection.<init>(PgConnection.java:195)
	at org.postgresql.Driver.makeConnection(Driver.java:454)
	at org.postgresql.Driver.connect(Driver.java:256)
	at java.sql.DriverManager.getConnection(DriverManager.java:664)
	at java.sql.DriverManager.getConnection(DriverManager.java:247)
	at ca.jrvs.apps.jdbc.Main.main(Main.java:51)
Caused by: java.net.ConnectException: Connection refused (Connection refused)
	at java.net.PlainSocketImpl.socketConnect(Native Method)
	at java.net.AbstractPlainSocketImpl.doConnect(AbstractPlainSocketImpl.java:350)
	at java.net.AbstractPlainSocketImpl.connectToAddress(AbstractPlainSocketImpl.java:206)
	at java.net.AbstractPlainSocketImpl.connect(AbstractPlainSocketImpl.java:188)
	at java.net.SocksSocketImpl.connect(SocksSocketImpl.java:392)
	at java.net.Socket.connect(Socket.java:607)
	at org.postgresql.core.PGStream.<init>(PGStream.java:70)
	at org.postgresql.core.v3.ConnectionFactoryImpl.tryConnect(ConnectionFactoryImpl.java:91)
	at org.postgresql.core.v3.ConnectionFactoryImpl.openConnectionImpl(ConnectionFactoryImpl.java:192)
	... 7 common frames omitted
2024-09-10 17:56:28 [main] INFO  ca.jrvs.apps.jdbc.Main - Application started successfully
2024-09-10 17:56:28 [main] INFO  c.j.a.j.s.c.StockQuoteController - Initializing client interaction
2024-09-10 17:56:39 [main] INFO  c.j.a.j.s.c.StockQuoteController - Fetching quote for symbol: MSFT
2024-09-10 17:56:39 [main] DEBUG c.j.a.j.s.service.QuoteService - Fetching quote data for ticker: MSFT
2024-09-10 17:56:39 [main] INFO  c.j.a.j.s.dao.QuoteHttpHelper - Fetching quote info for symbol: MSFT
2024-09-10 17:56:41 [main] INFO  c.j.a.j.s.dao.QuoteHttpHelper - Quote fetched successfully for symbol: MSFT
2024-09-10 17:56:41 [main] INFO  c.j.a.jdbc.stockquote.dao.QuoteDao - Saving quote for symbol: MSFT,
2024-09-10 17:56:41 [main] INFO  c.j.a.jdbc.stockquote.dao.QuoteDao - Quote saved for symbol: MSFT
2024-09-10 17:56:41 [main] INFO  c.j.a.j.s.service.QuoteService - Quote data saved for ticker: MSFT
2024-09-10 17:57:44 [main] INFO  c.j.a.j.s.c.StockQuoteController - Exiting application
